<?xml version="1.0" encoding="UTF-8"?>
<!-- Generated by org.testng.reporters.JUnitReportReporter -->
<testsuite skipped="0" hostname="Sasi-PC" name="com.sampleproject.testScripts.TC001_Add_And_Pemove_Product" tests="1" failures="0" timestamp="25 Oct 2019 05:59:40 GMT" time="98.367" errors="0">
  <testcase name="TC001" time="98.367" classname="com.sampleproject.testScripts.TC001_Add_And_Pemove_Product"/>
</testsuite> <!-- com.sampleproject.testScripts.TC001_Add_And_Pemove_Product -->
